c:\users\ryan\documents\visual studio 2013\projects\gp3-rcough200\gp3-rcough200\debug\vc120.pdb
c:\users\ryan\documents\visual studio 2013\projects\gp3-rcough200\gp3-rcough200\debug\vc120.idb
c:\users\ryan\documents\visual studio 2013\projects\gp3-rcough200\gp3-rcough200\debug\cenemy.obj
c:\users\ryan\documents\visual studio 2013\projects\gp3-rcough200\gp3-rcough200\debug\claser.obj
c:\users\ryan\documents\visual studio 2013\projects\gp3-rcough200\gp3-rcough200\debug\cmodel.obj
c:\users\ryan\documents\visual studio 2013\projects\gp3-rcough200\gp3-rcough200\debug\cmodelloader.obj
c:\users\ryan\documents\visual studio 2013\projects\gp3-rcough200\gp3-rcough200\debug\cplayer.obj
c:\users\ryan\documents\visual studio 2013\projects\gp3-rcough200\gp3-rcough200\debug\csound.obj
c:\users\ryan\documents\visual studio 2013\projects\gp3-rcough200\gp3-rcough200\debug\cwndmanager.obj
c:\users\ryan\documents\visual studio 2013\projects\gp3-rcough200\gp3-rcough200\debug\gameconstants.obj
c:\users\ryan\documents\visual studio 2013\projects\gp3-rcough200\gp3-rcough200\debug\main.obj
c:\users\ryan\documents\visual studio 2013\projects\gp3-rcough200\gp3-rcough200\debug\windowogl.obj
c:\users\ryan\documents\visual studio 2013\projects\gp3-rcough200\gp3-rcough200\debug\gamepad.obj
c:\users\ryan\documents\visual studio 2013\projects\gp3-rcough200\debug\gp3-rcough200.ilk
c:\users\ryan\documents\visual studio 2013\projects\gp3-rcough200\debug\gp3-rcough200.exe
c:\users\ryan\documents\visual studio 2013\projects\gp3-rcough200\debug\gp3-rcough200.pdb
c:\users\ryan\documents\visual studio 2013\projects\gp3-rcough200\gp3-rcough200\debug\gp3-rcough200.tlog\cl.command.1.tlog
c:\users\ryan\documents\visual studio 2013\projects\gp3-rcough200\gp3-rcough200\debug\gp3-rcough200.tlog\cl.read.1.tlog
c:\users\ryan\documents\visual studio 2013\projects\gp3-rcough200\gp3-rcough200\debug\gp3-rcough200.tlog\cl.write.1.tlog
c:\users\ryan\documents\visual studio 2013\projects\gp3-rcough200\gp3-rcough200\debug\gp3-rcough200.tlog\link.command.1.tlog
c:\users\ryan\documents\visual studio 2013\projects\gp3-rcough200\gp3-rcough200\debug\gp3-rcough200.tlog\link.read.1.tlog
c:\users\ryan\documents\visual studio 2013\projects\gp3-rcough200\gp3-rcough200\debug\gp3-rcough200.tlog\link.write.1.tlog
