Build started 17/12/2014 19:50:29.
     1>Project "C:\Users\Ryan\documents\visual studio 2013\Projects\GP3-RCOUGH200\GP3-RCOUGH200\GP3-RCOUGH200.vcxproj" on node 2 (Build target(s)).
     1>ClCompile:
         C:\Program Files (x86)\Microsoft Visual Studio 12.0\VC\bin\CL.exe /c /ZI /nologo /W3 /WX- /sdl /Od /Oy- /D _MBCS /Gm /EHsc /RTC1 /MDd /GS /fp:precise /Zc:wchar_t /Zc:forScope /Fo"Debug\\" /Fd"Debug\vc120.pdb" /Gd /TP /analyze- /errorReport:prompt main.cpp
         main.cpp
     1>c:\users\ryan\documents\visual studio 2013\projects\gp3-rcough200\gp3-rcough200\main.cpp(130): warning C4309: 'argument' : truncation of constant value
     1>c:\users\ryan\documents\visual studio 2013\projects\gp3-rcough200\gp3-rcough200\main.cpp(238): warning C4309: 'argument' : truncation of constant value
       Link:
         C:\Program Files (x86)\Microsoft Visual Studio 12.0\VC\bin\link.exe /ERRORREPORT:PROMPT /OUT:"C:\Users\Ryan\documents\visual studio 2013\Projects\GP3-RCOUGH200\Debug\GP3-RCOUGH200.exe" /INCREMENTAL /NOLOGO glew32.lib glew32s.lib OpenAL32.lib libdrawtext.lib alut.lib "glm-0.3.2Lib.lib" kernel32.lib user32.lib gdi32.lib winspool.lib comdlg32.lib advapi32.lib shell32.lib ole32.lib oleaut32.lib uuid.lib odbc32.lib odbccp32.lib /MANIFEST /MANIFESTUAC:"level='asInvoker' uiAccess='false'" /manifest:embed /DEBUG /PDB:"C:\Users\Ryan\documents\visual studio 2013\Projects\GP3-RCOUGH200\Debug\GP3-RCOUGH200.pdb" /TLBID:1 /DYNAMICBASE /NXCOMPAT /IMPLIB:"C:\Users\Ryan\documents\visual studio 2013\Projects\GP3-RCOUGH200\Debug\GP3-RCOUGH200.lib" /MACHINE:X86 Debug\cEnemy.obj
         Debug\cLaser.obj
         Debug\cModel.obj
         Debug\cModelLoader.obj
         Debug\cPlayer.obj
         Debug\cSound.obj
         Debug\cWNDManager.obj
         Debug\GameConstants.obj
         Debug\Gamepad.obj
         Debug\main.obj
         Debug\windowOGL.obj
         GP3-RCOUGH200.vcxproj -> C:\Users\Ryan\documents\visual studio 2013\Projects\GP3-RCOUGH200\Debug\GP3-RCOUGH200.exe
     1>Done Building Project "C:\Users\Ryan\documents\visual studio 2013\Projects\GP3-RCOUGH200\GP3-RCOUGH200\GP3-RCOUGH200.vcxproj" (Build target(s)).

Build succeeded.

Time Elapsed 00:00:02.18
